ISim log file
Running: F:\Academic\Projects\Executable\16 bit processor\Processor\tb_processor_isim_beh.exe -intstyle ise -gui -tclbatch isim.cmd -wdb F:/Academic/Projects/Executable/16 bit processor/Processor/tb_processor_isim_beh.wdb 
ISim P.58f (signature 0x7708f090)
----------------------------------------------------------------------
INFO:Security:50 - The XILINXD_LICENSE_FILE environment variable is set to 'F:\varilog_run\14.5\ISE_DS\common\licenses'.
INFO:Security:53 - The LM_LICENSE_FILE environment variable is not set.
WARNING:Security:43 - No license file was found in the standard Xilinx license directory.
WARNING:Security:44 - Since no license file was found,
       please run the Xilinx License Configuration Manager
       (xlcm or "Manage Xilinx Licenses")
       to assist in obtaining a license.
WARNING:Security:42 - Your software subscription period has lapsed. Your current version of Xilinx tools will continue to function, but you no longer qualify for Xilinx software updates or new releases.


----------------------------------------------------------------------
This is a Full version of ISim.
WARNING: File "C:/Users/Administrator/Documents/Sem 1/ICT/Project_main/Processor/data_path.v" Line 35.  For instance uut2/uut1/, width 8 of formal port address is not equal to width 16 of actual signal alu_out.
Time resolution is 1 ps
# onerror resume
# wave add /
# run 1000 ns
Simulator is doing circuit initialization process.
Finished circuit initialization process.
# run all
Stopped at time : 32317280 ns : File "C:/Users/Administrator/Documents/Sem 1/ICT/Project_main/Processor/ALU.v" Line 33
